The target system is: Generic - 1 - 
The host system is: Darwin - 23.4.0 - x86_64
Compiling the C compiler identification source file "CMakeCCompilerId.c" succeeded.
Compiler: /Applications/Arm/bin/arm-none-eabi-gcc 
Build flags: 
Id flags: -c 

The output was:
0


Compilation of the C compiler identification source "CMakeCCompilerId.c" produced "CMakeCCompilerId.o"

The C compiler identification is GNU, found in "/Users/mac/CLionProjects/SimpleBinaryTransferDemo/cmake-build-release/CMakeFiles/3.19.2/CompilerIdC/CMakeCCompilerId.o"

Compiling the CXX compiler identification source file "CMakeCXXCompilerId.cpp" succeeded.
Compiler: /Applications/Arm/bin/arm-none-eabi-g++ 
Build flags: 
Id flags: -c 

The output was:
0


Compilation of the CXX compiler identification source "CMakeCXXCompilerId.cpp" produced "CMakeCXXCompilerId.o"

The CXX compiler identification is GNU, found in "/Users/mac/CLionProjects/SimpleBinaryTransferDemo/cmake-build-release/CMakeFiles/3.19.2/CompilerIdCXX/CMakeCXXCompilerId.o"

Checking whether the ASM compiler is GNU using "--version" matched "(GNU assembler)|(GCC)|(Free Software Foundation)":
arm-none-eabi-gcc (GNU Arm Embedded Toolchain 10.3-2021.10) 10.3.1 20210824 (release)
Copyright (C) 2020 Free Software Foundation, Inc.
This is free software; see the source for copying conditions.  There is NO
warranty; not even for MERCHANTABILITY or FITNESS FOR A PARTICULAR PURPOSE.

Detecting C compiler ABI info compiled with the following output:
Change Dir: /Users/mac/CLionProjects/SimpleBinaryTransferDemo/cmake-build-release/CMakeFiles/CMakeTmp

Run Build Command(s):/usr/bin/make cmTC_2330d/fast && /Library/Developer/CommandLineTools/usr/bin/make  -f CMakeFiles/cmTC_2330d.dir/build.make CMakeFiles/cmTC_2330d.dir/build
Building C object CMakeFiles/cmTC_2330d.dir/CMakeCCompilerABI.c.obj
/Applications/Arm/bin/arm-none-eabi-gcc   -v -o CMakeFiles/cmTC_2330d.dir/CMakeCCompilerABI.c.obj -c /Applications/CLion.app/Contents/bin/cmake/mac/share/cmake-3.19/Modules/CMakeCCompilerABI.c
Using built-in specs.
COLLECT_GCC=/Applications/Arm/bin/arm-none-eabi-gcc
Target: arm-none-eabi
Configured with: /tmp/jenkins-GCC-10-pipeline-338_20211018_1634516195/src/gcc/configure --target=arm-none-eabi --prefix=/tmp/jenkins-GCC-10-pipeline-338_20211018_1634516195/install-native --libexecdir=/tmp/jenkins-GCC-10-pipeline-338_20211018_1634516195/install-native/lib --infodir=/tmp/jenkins-GCC-10-pipeline-338_20211018_1634516195/install-native/share/doc/gcc-arm-none-eabi/info --mandir=/tmp/jenkins-GCC-10-pipeline-338_20211018_1634516195/install-native/share/doc/gcc-arm-none-eabi/man --htmldir=/tmp/jenkins-GCC-10-pipeline-338_20211018_1634516195/install-native/share/doc/gcc-arm-none-eabi/html --pdfdir=/tmp/jenkins-GCC-10-pipeline-338_20211018_1634516195/install-native/share/doc/gcc-arm-none-eabi/pdf --enable-languages=c,c++ --enable-plugins --disable-decimal-float --disable-libffi --disable-libgomp --disable-libmudflap --disable-libquadmath --disable-libssp --disable-libstdcxx-pch --disable-nls --disable-shared --disable-threads --disable-tls --with-gnu-as --with-gnu-ld --with-newlib --with-headers=yes --with-python-dir=share/gcc-arm-none-eabi --with-sysroot=/tmp/jenkins-GCC-10-pipeline-338_20211018_1634516195/install-native/arm-none-eabi --build=x86_64-apple-darwin10 --host=x86_64-apple-darwin10 --with-gmp=/tmp/jenkins-GCC-10-pipeline-338_20211018_1634516195/build-native/host-libs/usr --with-mpfr=/tmp/jenkins-GCC-10-pipeline-338_20211018_1634516195/build-native/host-libs/usr --with-mpc=/tmp/jenkins-GCC-10-pipeline-338_20211018_1634516195/build-native/host-libs/usr --with-isl=/tmp/jenkins-GCC-10-pipeline-338_20211018_1634516195/build-native/host-libs/usr --with-libelf=/tmp/jenkins-GCC-10-pipeline-338_20211018_1634516195/build-native/host-libs/usr --with-host-libstdcxx='-static-libgcc -Wl,-lstdc++ -lm' --with-pkgversion='GNU Arm Embedded Toolchain 10.3-2021.10' --with-multilib-list=rmprofile,aprofile
Thread model: single
Supported LTO compression algorithms: zlib
gcc version 10.3.1 20210824 (release) (GNU Arm Embedded Toolchain 10.3-2021.10) 
COLLECT_GCC_OPTIONS='-v' '-o' 'CMakeFiles/cmTC_2330d.dir/CMakeCCompilerABI.c.obj' '-c' '-mcpu=arm7tdmi' '-mfloat-abi=soft' '-marm' '-mlibarch=armv4t' '-march=armv4t'
 /Applications/ARM/bin/../lib/gcc/arm-none-eabi/10.3.1/cc1 -quiet -v -iprefix /Applications/ARM/bin/../lib/gcc/arm-none-eabi/10.3.1/ -isysroot /Applications/ARM/bin/../arm-none-eabi -D__USES_INITFINI__ /Applications/CLion.app/Contents/bin/cmake/mac/share/cmake-3.19/Modules/CMakeCCompilerABI.c -quiet -dumpbase CMakeCCompilerABI.c -mcpu=arm7tdmi -mfloat-abi=soft -marm -mlibarch=armv4t -march=armv4t -auxbase-strip CMakeFiles/cmTC_2330d.dir/CMakeCCompilerABI.c.obj -version -o /var/folders/p7/9hg52w4x33zggy3brnsm28w80000gn/T//ccw7ZOqa.s
GNU C17 (GNU Arm Embedded Toolchain 10.3-2021.10) version 10.3.1 20210824 (release) (arm-none-eabi)
	compiled by GNU C version 4.2.1 Compatible Apple LLVM 11.0.0 (clang-1100.0.33.17), GMP version 6.1.0, MPFR version 3.1.4, MPC version 1.0.3, isl version isl-0.18-GMP

GGC heuristics: --param ggc-min-expand=100 --param ggc-min-heapsize=131072
ignoring duplicate directory "/Applications/ARM/bin/../lib/gcc/../../lib/gcc/arm-none-eabi/10.3.1/include"
ignoring nonexistent directory "/Applications/ARM/bin/../arm-none-eabi/usr/local/include"
ignoring duplicate directory "/Applications/ARM/bin/../lib/gcc/../../lib/gcc/arm-none-eabi/10.3.1/include-fixed"
ignoring duplicate directory "/Applications/ARM/bin/../lib/gcc/../../lib/gcc/arm-none-eabi/10.3.1/../../../../arm-none-eabi/include"
ignoring nonexistent directory "/Applications/ARM/bin/../arm-none-eabi/usr/include"
#include "..." search starts here:
#include <...> search starts here:
 /Applications/ARM/bin/../lib/gcc/arm-none-eabi/10.3.1/include
 /Applications/ARM/bin/../lib/gcc/arm-none-eabi/10.3.1/include-fixed
 /Applications/ARM/bin/../lib/gcc/arm-none-eabi/10.3.1/../../../../arm-none-eabi/include
End of search list.
GNU C17 (GNU Arm Embedded Toolchain 10.3-2021.10) version 10.3.1 20210824 (release) (arm-none-eabi)
	compiled by GNU C version 4.2.1 Compatible Apple LLVM 11.0.0 (clang-1100.0.33.17), GMP version 6.1.0, MPFR version 3.1.4, MPC version 1.0.3, isl version isl-0.18-GMP

GGC heuristics: --param ggc-min-expand=100 --param ggc-min-heapsize=131072
Compiler executable checksum: 733728c033f099ebc66962b91852e3eb
COLLECT_GCC_OPTIONS='-v' '-o' 'CMakeFiles/cmTC_2330d.dir/CMakeCCompilerABI.c.obj' '-c' '-mcpu=arm7tdmi' '-mfloat-abi=soft' '-marm' '-mlibarch=armv4t' '-march=armv4t'
 /Applications/ARM/bin/../lib/gcc/arm-none-eabi/10.3.1/../../../../arm-none-eabi/bin/as -v -march=armv4t -mfloat-abi=soft -meabi=5 -o CMakeFiles/cmTC_2330d.dir/CMakeCCompilerABI.c.obj /var/folders/p7/9hg52w4x33zggy3brnsm28w80000gn/T//ccw7ZOqa.s
GNU assembler version 2.36.1 (arm-none-eabi) using BFD version (GNU Arm Embedded Toolchain 10.3-2021.10) 2.36.1.20210621
COMPILER_PATH=/Applications/ARM/bin/../lib/gcc/arm-none-eabi/10.3.1/:/Applications/ARM/bin/../lib/gcc/:/Applications/ARM/bin/../lib/gcc/arm-none-eabi/10.3.1/../../../../arm-none-eabi/bin/
LIBRARY_PATH=/Applications/ARM/bin/../lib/gcc/arm-none-eabi/10.3.1/:/Applications/ARM/bin/../lib/gcc/:/Applications/ARM/bin/../lib/gcc/arm-none-eabi/10.3.1/../../../../arm-none-eabi/lib/:/Applications/ARM/bin/../arm-none-eabi/lib/
COLLECT_GCC_OPTIONS='-v' '-o' 'CMakeFiles/cmTC_2330d.dir/CMakeCCompilerABI.c.obj' '-c' '-mcpu=arm7tdmi' '-mfloat-abi=soft' '-marm' '-mlibarch=armv4t' '-march=armv4t'
Linking C static library libcmTC_2330d.a
/Applications/CLion.app/Contents/bin/cmake/mac/bin/cmake -P CMakeFiles/cmTC_2330d.dir/cmake_clean_target.cmake
/Applications/CLion.app/Contents/bin/cmake/mac/bin/cmake -E cmake_link_script CMakeFiles/cmTC_2330d.dir/link.txt --verbose=1
arm-none-eabi-ar qc libcmTC_2330d.a CMakeFiles/cmTC_2330d.dir/CMakeCCompilerABI.c.obj
/Applications/Arm/bin/arm-none-eabi-ranlib libcmTC_2330d.a



Parsed C implicit include dir info from above output: rv=done
  found start of include info
  found start of implicit include info
    add: [/Applications/ARM/bin/../lib/gcc/arm-none-eabi/10.3.1/include]
    add: [/Applications/ARM/bin/../lib/gcc/arm-none-eabi/10.3.1/include-fixed]
    add: [/Applications/ARM/bin/../lib/gcc/arm-none-eabi/10.3.1/../../../../arm-none-eabi/include]
  end of search list found
  collapse include dir [/Applications/ARM/bin/../lib/gcc/arm-none-eabi/10.3.1/include] ==> [/Applications/ARM/lib/gcc/arm-none-eabi/10.3.1/include]
  collapse include dir [/Applications/ARM/bin/../lib/gcc/arm-none-eabi/10.3.1/include-fixed] ==> [/Applications/ARM/lib/gcc/arm-none-eabi/10.3.1/include-fixed]
  collapse include dir [/Applications/ARM/bin/../lib/gcc/arm-none-eabi/10.3.1/../../../../arm-none-eabi/include] ==> [/Applications/ARM/arm-none-eabi/include]
  implicit include dirs: [/Applications/ARM/lib/gcc/arm-none-eabi/10.3.1/include;/Applications/ARM/lib/gcc/arm-none-eabi/10.3.1/include-fixed;/Applications/ARM/arm-none-eabi/include]


Parsed C implicit link information from above output:
  link line regex: [^( *|.*[/\])(arm-none-eabi-ld|CMAKE_LINK_STARTFILE-NOTFOUND|([^/\]+-)?ld|collect2)[^/\]*( |$)]
  ignore line: [Change Dir: /Users/mac/CLionProjects/SimpleBinaryTransferDemo/cmake-build-release/CMakeFiles/CMakeTmp]
  ignore line: []
  ignore line: [Run Build Command(s):/usr/bin/make cmTC_2330d/fast && /Library/Developer/CommandLineTools/usr/bin/make  -f CMakeFiles/cmTC_2330d.dir/build.make CMakeFiles/cmTC_2330d.dir/build]
  ignore line: [Building C object CMakeFiles/cmTC_2330d.dir/CMakeCCompilerABI.c.obj]
  ignore line: [/Applications/Arm/bin/arm-none-eabi-gcc   -v -o CMakeFiles/cmTC_2330d.dir/CMakeCCompilerABI.c.obj -c /Applications/CLion.app/Contents/bin/cmake/mac/share/cmake-3.19/Modules/CMakeCCompilerABI.c]
  ignore line: [Using built-in specs.]
  ignore line: [COLLECT_GCC=/Applications/Arm/bin/arm-none-eabi-gcc]
  ignore line: [Target: arm-none-eabi]
  ignore line: [Configured with: /tmp/jenkins-GCC-10-pipeline-338_20211018_1634516195/src/gcc/configure --target=arm-none-eabi --prefix=/tmp/jenkins-GCC-10-pipeline-338_20211018_1634516195/install-native --libexecdir=/tmp/jenkins-GCC-10-pipeline-338_20211018_1634516195/install-native/lib --infodir=/tmp/jenkins-GCC-10-pipeline-338_20211018_1634516195/install-native/share/doc/gcc-arm-none-eabi/info --mandir=/tmp/jenkins-GCC-10-pipeline-338_20211018_1634516195/install-native/share/doc/gcc-arm-none-eabi/man --htmldir=/tmp/jenkins-GCC-10-pipeline-338_20211018_1634516195/install-native/share/doc/gcc-arm-none-eabi/html --pdfdir=/tmp/jenkins-GCC-10-pipeline-338_20211018_1634516195/install-native/share/doc/gcc-arm-none-eabi/pdf --enable-languages=c,c++ --enable-plugins --disable-decimal-float --disable-libffi --disable-libgomp --disable-libmudflap --disable-libquadmath --disable-libssp --disable-libstdcxx-pch --disable-nls --disable-shared --disable-threads --disable-tls --with-gnu-as --with-gnu-ld --with-newlib --with-headers=yes --with-python-dir=share/gcc-arm-none-eabi --with-sysroot=/tmp/jenkins-GCC-10-pipeline-338_20211018_1634516195/install-native/arm-none-eabi --build=x86_64-apple-darwin10 --host=x86_64-apple-darwin10 --with-gmp=/tmp/jenkins-GCC-10-pipeline-338_20211018_1634516195/build-native/host-libs/usr --with-mpfr=/tmp/jenkins-GCC-10-pipeline-338_20211018_1634516195/build-native/host-libs/usr --with-mpc=/tmp/jenkins-GCC-10-pipeline-338_20211018_1634516195/build-native/host-libs/usr --with-isl=/tmp/jenkins-GCC-10-pipeline-338_20211018_1634516195/build-native/host-libs/usr --with-libelf=/tmp/jenkins-GCC-10-pipeline-338_20211018_1634516195/build-native/host-libs/usr --with-host-libstdcxx='-static-libgcc -Wl,-lstdc++ -lm' --with-pkgversion='GNU Arm Embedded Toolchain 10.3-2021.10' --with-multilib-list=rmprofile,aprofile]
  ignore line: [Thread model: single]
  ignore line: [Supported LTO compression algorithms: zlib]
  ignore line: [gcc version 10.3.1 20210824 (release) (GNU Arm Embedded Toolchain 10.3-2021.10) ]
  ignore line: [COLLECT_GCC_OPTIONS='-v' '-o' 'CMakeFiles/cmTC_2330d.dir/CMakeCCompilerABI.c.obj' '-c' '-mcpu=arm7tdmi' '-mfloat-abi=soft' '-marm' '-mlibarch=armv4t' '-march=armv4t']
  ignore line: [ /Applications/ARM/bin/../lib/gcc/arm-none-eabi/10.3.1/cc1 -quiet -v -iprefix /Applications/ARM/bin/../lib/gcc/arm-none-eabi/10.3.1/ -isysroot /Applications/ARM/bin/../arm-none-eabi -D__USES_INITFINI__ /Applications/CLion.app/Contents/bin/cmake/mac/share/cmake-3.19/Modules/CMakeCCompilerABI.c -quiet -dumpbase CMakeCCompilerABI.c -mcpu=arm7tdmi -mfloat-abi=soft -marm -mlibarch=armv4t -march=armv4t -auxbase-strip CMakeFiles/cmTC_2330d.dir/CMakeCCompilerABI.c.obj -version -o /var/folders/p7/9hg52w4x33zggy3brnsm28w80000gn/T//ccw7ZOqa.s]
  ignore line: [GNU C17 (GNU Arm Embedded Toolchain 10.3-2021.10) version 10.3.1 20210824 (release) (arm-none-eabi)]
  ignore line: [	compiled by GNU C version 4.2.1 Compatible Apple LLVM 11.0.0 (clang-1100.0.33.17)  GMP version 6.1.0  MPFR version 3.1.4  MPC version 1.0.3  isl version isl-0.18-GMP]
  ignore line: []
  ignore line: [GGC heuristics: --param ggc-min-expand=100 --param ggc-min-heapsize=131072]
  ignore line: [ignoring duplicate directory "/Applications/ARM/bin/../lib/gcc/../../lib/gcc/arm-none-eabi/10.3.1/include"]
  ignore line: [ignoring nonexistent directory "/Applications/ARM/bin/../arm-none-eabi/usr/local/include"]
  ignore line: [ignoring duplicate directory "/Applications/ARM/bin/../lib/gcc/../../lib/gcc/arm-none-eabi/10.3.1/include-fixed"]
  ignore line: [ignoring duplicate directory "/Applications/ARM/bin/../lib/gcc/../../lib/gcc/arm-none-eabi/10.3.1/../../../../arm-none-eabi/include"]
  ignore line: [ignoring nonexistent directory "/Applications/ARM/bin/../arm-none-eabi/usr/include"]
  ignore line: [#include "..." search starts here:]
  ignore line: [#include <...> search starts here:]
  ignore line: [ /Applications/ARM/bin/../lib/gcc/arm-none-eabi/10.3.1/include]
  ignore line: [ /Applications/ARM/bin/../lib/gcc/arm-none-eabi/10.3.1/include-fixed]
  ignore line: [ /Applications/ARM/bin/../lib/gcc/arm-none-eabi/10.3.1/../../../../arm-none-eabi/include]
  ignore line: [End of search list.]
  ignore line: [GNU C17 (GNU Arm Embedded Toolchain 10.3-2021.10) version 10.3.1 20210824 (release) (arm-none-eabi)]
  ignore line: [	compiled by GNU C version 4.2.1 Compatible Apple LLVM 11.0.0 (clang-1100.0.33.17)  GMP version 6.1.0  MPFR version 3.1.4  MPC version 1.0.3  isl version isl-0.18-GMP]
  ignore line: []
  ignore line: [GGC heuristics: --param ggc-min-expand=100 --param ggc-min-heapsize=131072]
  ignore line: [Compiler executable checksum: 733728c033f099ebc66962b91852e3eb]
  ignore line: [COLLECT_GCC_OPTIONS='-v' '-o' 'CMakeFiles/cmTC_2330d.dir/CMakeCCompilerABI.c.obj' '-c' '-mcpu=arm7tdmi' '-mfloat-abi=soft' '-marm' '-mlibarch=armv4t' '-march=armv4t']
  ignore line: [ /Applications/ARM/bin/../lib/gcc/arm-none-eabi/10.3.1/../../../../arm-none-eabi/bin/as -v -march=armv4t -mfloat-abi=soft -meabi=5 -o CMakeFiles/cmTC_2330d.dir/CMakeCCompilerABI.c.obj /var/folders/p7/9hg52w4x33zggy3brnsm28w80000gn/T//ccw7ZOqa.s]
  ignore line: [GNU assembler version 2.36.1 (arm-none-eabi) using BFD version (GNU Arm Embedded Toolchain 10.3-2021.10) 2.36.1.20210621]
  ignore line: [COMPILER_PATH=/Applications/ARM/bin/../lib/gcc/arm-none-eabi/10.3.1/:/Applications/ARM/bin/../lib/gcc/:/Applications/ARM/bin/../lib/gcc/arm-none-eabi/10.3.1/../../../../arm-none-eabi/bin/]
  ignore line: [LIBRARY_PATH=/Applications/ARM/bin/../lib/gcc/arm-none-eabi/10.3.1/:/Applications/ARM/bin/../lib/gcc/:/Applications/ARM/bin/../lib/gcc/arm-none-eabi/10.3.1/../../../../arm-none-eabi/lib/:/Applications/ARM/bin/../arm-none-eabi/lib/]
  ignore line: [COLLECT_GCC_OPTIONS='-v' '-o' 'CMakeFiles/cmTC_2330d.dir/CMakeCCompilerABI.c.obj' '-c' '-mcpu=arm7tdmi' '-mfloat-abi=soft' '-marm' '-mlibarch=armv4t' '-march=armv4t']
  ignore line: [Linking C static library libcmTC_2330d.a]
  ignore line: [/Applications/CLion.app/Contents/bin/cmake/mac/bin/cmake -P CMakeFiles/cmTC_2330d.dir/cmake_clean_target.cmake]
  ignore line: [/Applications/CLion.app/Contents/bin/cmake/mac/bin/cmake -E cmake_link_script CMakeFiles/cmTC_2330d.dir/link.txt --verbose=1]
  ignore line: [arm-none-eabi-ar qc libcmTC_2330d.a CMakeFiles/cmTC_2330d.dir/CMakeCCompilerABI.c.obj]
  ignore line: [/Applications/Arm/bin/arm-none-eabi-ranlib libcmTC_2330d.a]
  ignore line: []
  ignore line: []
  implicit libs: []
  implicit dirs: []
  implicit fwks: []


Detecting CXX compiler ABI info compiled with the following output:
Change Dir: /Users/mac/CLionProjects/SimpleBinaryTransferDemo/cmake-build-release/CMakeFiles/CMakeTmp

Run Build Command(s):/usr/bin/make cmTC_49ac4/fast && /Library/Developer/CommandLineTools/usr/bin/make  -f CMakeFiles/cmTC_49ac4.dir/build.make CMakeFiles/cmTC_49ac4.dir/build
Building CXX object CMakeFiles/cmTC_49ac4.dir/CMakeCXXCompilerABI.cpp.obj
/Applications/Arm/bin/arm-none-eabi-g++   -v -o CMakeFiles/cmTC_49ac4.dir/CMakeCXXCompilerABI.cpp.obj -c /Applications/CLion.app/Contents/bin/cmake/mac/share/cmake-3.19/Modules/CMakeCXXCompilerABI.cpp
Using built-in specs.
COLLECT_GCC=/Applications/Arm/bin/arm-none-eabi-g++
Target: arm-none-eabi
Configured with: /tmp/jenkins-GCC-10-pipeline-338_20211018_1634516195/src/gcc/configure --target=arm-none-eabi --prefix=/tmp/jenkins-GCC-10-pipeline-338_20211018_1634516195/install-native --libexecdir=/tmp/jenkins-GCC-10-pipeline-338_20211018_1634516195/install-native/lib --infodir=/tmp/jenkins-GCC-10-pipeline-338_20211018_1634516195/install-native/share/doc/gcc-arm-none-eabi/info --mandir=/tmp/jenkins-GCC-10-pipeline-338_20211018_1634516195/install-native/share/doc/gcc-arm-none-eabi/man --htmldir=/tmp/jenkins-GCC-10-pipeline-338_20211018_1634516195/install-native/share/doc/gcc-arm-none-eabi/html --pdfdir=/tmp/jenkins-GCC-10-pipeline-338_20211018_1634516195/install-native/share/doc/gcc-arm-none-eabi/pdf --enable-languages=c,c++ --enable-plugins --disable-decimal-float --disable-libffi --disable-libgomp --disable-libmudflap --disable-libquadmath --disable-libssp --disable-libstdcxx-pch --disable-nls --disable-shared --disable-threads --disable-tls --with-gnu-as --with-gnu-ld --with-newlib --with-headers=yes --with-python-dir=share/gcc-arm-none-eabi --with-sysroot=/tmp/jenkins-GCC-10-pipeline-338_20211018_1634516195/install-native/arm-none-eabi --build=x86_64-apple-darwin10 --host=x86_64-apple-darwin10 --with-gmp=/tmp/jenkins-GCC-10-pipeline-338_20211018_1634516195/build-native/host-libs/usr --with-mpfr=/tmp/jenkins-GCC-10-pipeline-338_20211018_1634516195/build-native/host-libs/usr --with-mpc=/tmp/jenkins-GCC-10-pipeline-338_20211018_1634516195/build-native/host-libs/usr --with-isl=/tmp/jenkins-GCC-10-pipeline-338_20211018_1634516195/build-native/host-libs/usr --with-libelf=/tmp/jenkins-GCC-10-pipeline-338_20211018_1634516195/build-native/host-libs/usr --with-host-libstdcxx='-static-libgcc -Wl,-lstdc++ -lm' --with-pkgversion='GNU Arm Embedded Toolchain 10.3-2021.10' --with-multilib-list=rmprofile,aprofile
Thread model: single
Supported LTO compression algorithms: zlib
gcc version 10.3.1 20210824 (release) (GNU Arm Embedded Toolchain 10.3-2021.10) 
COLLECT_GCC_OPTIONS='-v' '-o' 'CMakeFiles/cmTC_49ac4.dir/CMakeCXXCompilerABI.cpp.obj' '-c' '-mcpu=arm7tdmi' '-mfloat-abi=soft' '-marm' '-mlibarch=armv4t' '-march=armv4t'
 /Applications/ARM/bin/../lib/gcc/arm-none-eabi/10.3.1/cc1plus -quiet -v -iprefix /Applications/ARM/bin/../lib/gcc/arm-none-eabi/10.3.1/ -isysroot /Applications/ARM/bin/../arm-none-eabi -D__USES_INITFINI__ /Applications/CLion.app/Contents/bin/cmake/mac/share/cmake-3.19/Modules/CMakeCXXCompilerABI.cpp -quiet -dumpbase CMakeCXXCompilerABI.cpp -mcpu=arm7tdmi -mfloat-abi=soft -marm -mlibarch=armv4t -march=armv4t -auxbase-strip CMakeFiles/cmTC_49ac4.dir/CMakeCXXCompilerABI.cpp.obj -version -o /var/folders/p7/9hg52w4x33zggy3brnsm28w80000gn/T//ccg2y9XP.s
GNU C++14 (GNU Arm Embedded Toolchain 10.3-2021.10) version 10.3.1 20210824 (release) (arm-none-eabi)
	compiled by GNU C version 4.2.1 Compatible Apple LLVM 11.0.0 (clang-1100.0.33.17), GMP version 6.1.0, MPFR version 3.1.4, MPC version 1.0.3, isl version isl-0.18-GMP

GGC heuristics: --param ggc-min-expand=100 --param ggc-min-heapsize=131072
ignoring duplicate directory "/Applications/ARM/bin/../lib/gcc/../../lib/gcc/arm-none-eabi/10.3.1/../../../../arm-none-eabi/include/c++/10.3.1"
ignoring duplicate directory "/Applications/ARM/bin/../lib/gcc/../../lib/gcc/arm-none-eabi/10.3.1/../../../../arm-none-eabi/include/c++/10.3.1/arm-none-eabi"
ignoring duplicate directory "/Applications/ARM/bin/../lib/gcc/../../lib/gcc/arm-none-eabi/10.3.1/../../../../arm-none-eabi/include/c++/10.3.1/backward"
ignoring duplicate directory "/Applications/ARM/bin/../lib/gcc/../../lib/gcc/arm-none-eabi/10.3.1/include"
ignoring nonexistent directory "/Applications/ARM/bin/../arm-none-eabi/usr/local/include"
ignoring duplicate directory "/Applications/ARM/bin/../lib/gcc/../../lib/gcc/arm-none-eabi/10.3.1/include-fixed"
ignoring duplicate directory "/Applications/ARM/bin/../lib/gcc/../../lib/gcc/arm-none-eabi/10.3.1/../../../../arm-none-eabi/include"
ignoring nonexistent directory "/Applications/ARM/bin/../arm-none-eabi/usr/include"
#include "..." search starts here:
#include <...> search starts here:
 /Applications/ARM/bin/../lib/gcc/arm-none-eabi/10.3.1/../../../../arm-none-eabi/include/c++/10.3.1
 /Applications/ARM/bin/../lib/gcc/arm-none-eabi/10.3.1/../../../../arm-none-eabi/include/c++/10.3.1/arm-none-eabi
 /Applications/ARM/bin/../lib/gcc/arm-none-eabi/10.3.1/../../../../arm-none-eabi/include/c++/10.3.1/backward
 /Applications/ARM/bin/../lib/gcc/arm-none-eabi/10.3.1/include
 /Applications/ARM/bin/../lib/gcc/arm-none-eabi/10.3.1/include-fixed
 /Applications/ARM/bin/../lib/gcc/arm-none-eabi/10.3.1/../../../../arm-none-eabi/include
End of search list.
GNU C++14 (GNU Arm Embedded Toolchain 10.3-2021.10) version 10.3.1 20210824 (release) (arm-none-eabi)
	compiled by GNU C version 4.2.1 Compatible Apple LLVM 11.0.0 (clang-1100.0.33.17), GMP version 6.1.0, MPFR version 3.1.4, MPC version 1.0.3, isl version isl-0.18-GMP

GGC heuristics: --param ggc-min-expand=100 --param ggc-min-heapsize=131072
Compiler executable checksum: aef279e1140f94be80a6badcc599c728
COLLECT_GCC_OPTIONS='-v' '-o' 'CMakeFiles/cmTC_49ac4.dir/CMakeCXXCompilerABI.cpp.obj' '-c' '-mcpu=arm7tdmi' '-mfloat-abi=soft' '-marm' '-mlibarch=armv4t' '-march=armv4t'
 /Applications/ARM/bin/../lib/gcc/arm-none-eabi/10.3.1/../../../../arm-none-eabi/bin/as -v -march=armv4t -mfloat-abi=soft -meabi=5 -o CMakeFiles/cmTC_49ac4.dir/CMakeCXXCompilerABI.cpp.obj /var/folders/p7/9hg52w4x33zggy3brnsm28w80000gn/T//ccg2y9XP.s
GNU assembler version 2.36.1 (arm-none-eabi) using BFD version (GNU Arm Embedded Toolchain 10.3-2021.10) 2.36.1.20210621
COMPILER_PATH=/Applications/ARM/bin/../lib/gcc/arm-none-eabi/10.3.1/:/Applications/ARM/bin/../lib/gcc/:/Applications/ARM/bin/../lib/gcc/arm-none-eabi/10.3.1/../../../../arm-none-eabi/bin/
LIBRARY_PATH=/Applications/ARM/bin/../lib/gcc/arm-none-eabi/10.3.1/:/Applications/ARM/bin/../lib/gcc/:/Applications/ARM/bin/../lib/gcc/arm-none-eabi/10.3.1/../../../../arm-none-eabi/lib/:/Applications/ARM/bin/../arm-none-eabi/lib/
COLLECT_GCC_OPTIONS='-v' '-o' 'CMakeFiles/cmTC_49ac4.dir/CMakeCXXCompilerABI.cpp.obj' '-c' '-mcpu=arm7tdmi' '-mfloat-abi=soft' '-marm' '-mlibarch=armv4t' '-march=armv4t'
Linking CXX static library libcmTC_49ac4.a
/Applications/CLion.app/Contents/bin/cmake/mac/bin/cmake -P CMakeFiles/cmTC_49ac4.dir/cmake_clean_target.cmake
/Applications/CLion.app/Contents/bin/cmake/mac/bin/cmake -E cmake_link_script CMakeFiles/cmTC_49ac4.dir/link.txt --verbose=1
arm-none-eabi-ar qc libcmTC_49ac4.a CMakeFiles/cmTC_49ac4.dir/CMakeCXXCompilerABI.cpp.obj
/Applications/Arm/bin/arm-none-eabi-ranlib libcmTC_49ac4.a



Parsed CXX implicit include dir info from above output: rv=done
  found start of include info
  found start of implicit include info
    add: [/Applications/ARM/bin/../lib/gcc/arm-none-eabi/10.3.1/../../../../arm-none-eabi/include/c++/10.3.1]
    add: [/Applications/ARM/bin/../lib/gcc/arm-none-eabi/10.3.1/../../../../arm-none-eabi/include/c++/10.3.1/arm-none-eabi]
    add: [/Applications/ARM/bin/../lib/gcc/arm-none-eabi/10.3.1/../../../../arm-none-eabi/include/c++/10.3.1/backward]
    add: [/Applications/ARM/bin/../lib/gcc/arm-none-eabi/10.3.1/include]
    add: [/Applications/ARM/bin/../lib/gcc/arm-none-eabi/10.3.1/include-fixed]
    add: [/Applications/ARM/bin/../lib/gcc/arm-none-eabi/10.3.1/../../../../arm-none-eabi/include]
  end of search list found
  collapse include dir [/Applications/ARM/bin/../lib/gcc/arm-none-eabi/10.3.1/../../../../arm-none-eabi/include/c++/10.3.1] ==> [/Applications/ARM/arm-none-eabi/include/c++/10.3.1]
  collapse include dir [/Applications/ARM/bin/../lib/gcc/arm-none-eabi/10.3.1/../../../../arm-none-eabi/include/c++/10.3.1/arm-none-eabi] ==> [/Applications/ARM/arm-none-eabi/include/c++/10.3.1/arm-none-eabi]
  collapse include dir [/Applications/ARM/bin/../lib/gcc/arm-none-eabi/10.3.1/../../../../arm-none-eabi/include/c++/10.3.1/backward] ==> [/Applications/ARM/arm-none-eabi/include/c++/10.3.1/backward]
  collapse include dir [/Applications/ARM/bin/../lib/gcc/arm-none-eabi/10.3.1/include] ==> [/Applications/ARM/lib/gcc/arm-none-eabi/10.3.1/include]
  collapse include dir [/Applications/ARM/bin/../lib/gcc/arm-none-eabi/10.3.1/include-fixed] ==> [/Applications/ARM/lib/gcc/arm-none-eabi/10.3.1/include-fixed]
  collapse include dir [/Applications/ARM/bin/../lib/gcc/arm-none-eabi/10.3.1/../../../../arm-none-eabi/include] ==> [/Applications/ARM/arm-none-eabi/include]
  implicit include dirs: [/Applications/ARM/arm-none-eabi/include/c++/10.3.1;/Applications/ARM/arm-none-eabi/include/c++/10.3.1/arm-none-eabi;/Applications/ARM/arm-none-eabi/include/c++/10.3.1/backward;/Applications/ARM/lib/gcc/arm-none-eabi/10.3.1/include;/Applications/ARM/lib/gcc/arm-none-eabi/10.3.1/include-fixed;/Applications/ARM/arm-none-eabi/include]


Parsed CXX implicit link information from above output:
  link line regex: [^( *|.*[/\])(arm-none-eabi-ld|CMAKE_LINK_STARTFILE-NOTFOUND|([^/\]+-)?ld|collect2)[^/\]*( |$)]
  ignore line: [Change Dir: /Users/mac/CLionProjects/SimpleBinaryTransferDemo/cmake-build-release/CMakeFiles/CMakeTmp]
  ignore line: []
  ignore line: [Run Build Command(s):/usr/bin/make cmTC_49ac4/fast && /Library/Developer/CommandLineTools/usr/bin/make  -f CMakeFiles/cmTC_49ac4.dir/build.make CMakeFiles/cmTC_49ac4.dir/build]
  ignore line: [Building CXX object CMakeFiles/cmTC_49ac4.dir/CMakeCXXCompilerABI.cpp.obj]
  ignore line: [/Applications/Arm/bin/arm-none-eabi-g++   -v -o CMakeFiles/cmTC_49ac4.dir/CMakeCXXCompilerABI.cpp.obj -c /Applications/CLion.app/Contents/bin/cmake/mac/share/cmake-3.19/Modules/CMakeCXXCompilerABI.cpp]
  ignore line: [Using built-in specs.]
  ignore line: [COLLECT_GCC=/Applications/Arm/bin/arm-none-eabi-g++]
  ignore line: [Target: arm-none-eabi]
  ignore line: [Configured with: /tmp/jenkins-GCC-10-pipeline-338_20211018_1634516195/src/gcc/configure --target=arm-none-eabi --prefix=/tmp/jenkins-GCC-10-pipeline-338_20211018_1634516195/install-native --libexecdir=/tmp/jenkins-GCC-10-pipeline-338_20211018_1634516195/install-native/lib --infodir=/tmp/jenkins-GCC-10-pipeline-338_20211018_1634516195/install-native/share/doc/gcc-arm-none-eabi/info --mandir=/tmp/jenkins-GCC-10-pipeline-338_20211018_1634516195/install-native/share/doc/gcc-arm-none-eabi/man --htmldir=/tmp/jenkins-GCC-10-pipeline-338_20211018_1634516195/install-native/share/doc/gcc-arm-none-eabi/html --pdfdir=/tmp/jenkins-GCC-10-pipeline-338_20211018_1634516195/install-native/share/doc/gcc-arm-none-eabi/pdf --enable-languages=c,c++ --enable-plugins --disable-decimal-float --disable-libffi --disable-libgomp --disable-libmudflap --disable-libquadmath --disable-libssp --disable-libstdcxx-pch --disable-nls --disable-shared --disable-threads --disable-tls --with-gnu-as --with-gnu-ld --with-newlib --with-headers=yes --with-python-dir=share/gcc-arm-none-eabi --with-sysroot=/tmp/jenkins-GCC-10-pipeline-338_20211018_1634516195/install-native/arm-none-eabi --build=x86_64-apple-darwin10 --host=x86_64-apple-darwin10 --with-gmp=/tmp/jenkins-GCC-10-pipeline-338_20211018_1634516195/build-native/host-libs/usr --with-mpfr=/tmp/jenkins-GCC-10-pipeline-338_20211018_1634516195/build-native/host-libs/usr --with-mpc=/tmp/jenkins-GCC-10-pipeline-338_20211018_1634516195/build-native/host-libs/usr --with-isl=/tmp/jenkins-GCC-10-pipeline-338_20211018_1634516195/build-native/host-libs/usr --with-libelf=/tmp/jenkins-GCC-10-pipeline-338_20211018_1634516195/build-native/host-libs/usr --with-host-libstdcxx='-static-libgcc -Wl,-lstdc++ -lm' --with-pkgversion='GNU Arm Embedded Toolchain 10.3-2021.10' --with-multilib-list=rmprofile,aprofile]
  ignore line: [Thread model: single]
  ignore line: [Supported LTO compression algorithms: zlib]
  ignore line: [gcc version 10.3.1 20210824 (release) (GNU Arm Embedded Toolchain 10.3-2021.10) ]
  ignore line: [COLLECT_GCC_OPTIONS='-v' '-o' 'CMakeFiles/cmTC_49ac4.dir/CMakeCXXCompilerABI.cpp.obj' '-c' '-mcpu=arm7tdmi' '-mfloat-abi=soft' '-marm' '-mlibarch=armv4t' '-march=armv4t']
  ignore line: [ /Applications/ARM/bin/../lib/gcc/arm-none-eabi/10.3.1/cc1plus -quiet -v -iprefix /Applications/ARM/bin/../lib/gcc/arm-none-eabi/10.3.1/ -isysroot /Applications/ARM/bin/../arm-none-eabi -D__USES_INITFINI__ /Applications/CLion.app/Contents/bin/cmake/mac/share/cmake-3.19/Modules/CMakeCXXCompilerABI.cpp -quiet -dumpbase CMakeCXXCompilerABI.cpp -mcpu=arm7tdmi -mfloat-abi=soft -marm -mlibarch=armv4t -march=armv4t -auxbase-strip CMakeFiles/cmTC_49ac4.dir/CMakeCXXCompilerABI.cpp.obj -version -o /var/folders/p7/9hg52w4x33zggy3brnsm28w80000gn/T//ccg2y9XP.s]
  ignore line: [GNU C++14 (GNU Arm Embedded Toolchain 10.3-2021.10) version 10.3.1 20210824 (release) (arm-none-eabi)]
  ignore line: [	compiled by GNU C version 4.2.1 Compatible Apple LLVM 11.0.0 (clang-1100.0.33.17)  GMP version 6.1.0  MPFR version 3.1.4  MPC version 1.0.3  isl version isl-0.18-GMP]
  ignore line: []
  ignore line: [GGC heuristics: --param ggc-min-expand=100 --param ggc-min-heapsize=131072]
  ignore line: [ignoring duplicate directory "/Applications/ARM/bin/../lib/gcc/../../lib/gcc/arm-none-eabi/10.3.1/../../../../arm-none-eabi/include/c++/10.3.1"]
  ignore line: [ignoring duplicate directory "/Applications/ARM/bin/../lib/gcc/../../lib/gcc/arm-none-eabi/10.3.1/../../../../arm-none-eabi/include/c++/10.3.1/arm-none-eabi"]
  ignore line: [ignoring duplicate directory "/Applications/ARM/bin/../lib/gcc/../../lib/gcc/arm-none-eabi/10.3.1/../../../../arm-none-eabi/include/c++/10.3.1/backward"]
  ignore line: [ignoring duplicate directory "/Applications/ARM/bin/../lib/gcc/../../lib/gcc/arm-none-eabi/10.3.1/include"]
  ignore line: [ignoring nonexistent directory "/Applications/ARM/bin/../arm-none-eabi/usr/local/include"]
  ignore line: [ignoring duplicate directory "/Applications/ARM/bin/../lib/gcc/../../lib/gcc/arm-none-eabi/10.3.1/include-fixed"]
  ignore line: [ignoring duplicate directory "/Applications/ARM/bin/../lib/gcc/../../lib/gcc/arm-none-eabi/10.3.1/../../../../arm-none-eabi/include"]
  ignore line: [ignoring nonexistent directory "/Applications/ARM/bin/../arm-none-eabi/usr/include"]
  ignore line: [#include "..." search starts here:]
  ignore line: [#include <...> search starts here:]
  ignore line: [ /Applications/ARM/bin/../lib/gcc/arm-none-eabi/10.3.1/../../../../arm-none-eabi/include/c++/10.3.1]
  ignore line: [ /Applications/ARM/bin/../lib/gcc/arm-none-eabi/10.3.1/../../../../arm-none-eabi/include/c++/10.3.1/arm-none-eabi]
  ignore line: [ /Applications/ARM/bin/../lib/gcc/arm-none-eabi/10.3.1/../../../../arm-none-eabi/include/c++/10.3.1/backward]
  ignore line: [ /Applications/ARM/bin/../lib/gcc/arm-none-eabi/10.3.1/include]
  ignore line: [ /Applications/ARM/bin/../lib/gcc/arm-none-eabi/10.3.1/include-fixed]
  ignore line: [ /Applications/ARM/bin/../lib/gcc/arm-none-eabi/10.3.1/../../../../arm-none-eabi/include]
  ignore line: [End of search list.]
  ignore line: [GNU C++14 (GNU Arm Embedded Toolchain 10.3-2021.10) version 10.3.1 20210824 (release) (arm-none-eabi)]
  ignore line: [	compiled by GNU C version 4.2.1 Compatible Apple LLVM 11.0.0 (clang-1100.0.33.17)  GMP version 6.1.0  MPFR version 3.1.4  MPC version 1.0.3  isl version isl-0.18-GMP]
  ignore line: []
  ignore line: [GGC heuristics: --param ggc-min-expand=100 --param ggc-min-heapsize=131072]
  ignore line: [Compiler executable checksum: aef279e1140f94be80a6badcc599c728]
  ignore line: [COLLECT_GCC_OPTIONS='-v' '-o' 'CMakeFiles/cmTC_49ac4.dir/CMakeCXXCompilerABI.cpp.obj' '-c' '-mcpu=arm7tdmi' '-mfloat-abi=soft' '-marm' '-mlibarch=armv4t' '-march=armv4t']
  ignore line: [ /Applications/ARM/bin/../lib/gcc/arm-none-eabi/10.3.1/../../../../arm-none-eabi/bin/as -v -march=armv4t -mfloat-abi=soft -meabi=5 -o CMakeFiles/cmTC_49ac4.dir/CMakeCXXCompilerABI.cpp.obj /var/folders/p7/9hg52w4x33zggy3brnsm28w80000gn/T//ccg2y9XP.s]
  ignore line: [GNU assembler version 2.36.1 (arm-none-eabi) using BFD version (GNU Arm Embedded Toolchain 10.3-2021.10) 2.36.1.20210621]
  ignore line: [COMPILER_PATH=/Applications/ARM/bin/../lib/gcc/arm-none-eabi/10.3.1/:/Applications/ARM/bin/../lib/gcc/:/Applications/ARM/bin/../lib/gcc/arm-none-eabi/10.3.1/../../../../arm-none-eabi/bin/]
  ignore line: [LIBRARY_PATH=/Applications/ARM/bin/../lib/gcc/arm-none-eabi/10.3.1/:/Applications/ARM/bin/../lib/gcc/:/Applications/ARM/bin/../lib/gcc/arm-none-eabi/10.3.1/../../../../arm-none-eabi/lib/:/Applications/ARM/bin/../arm-none-eabi/lib/]
  ignore line: [COLLECT_GCC_OPTIONS='-v' '-o' 'CMakeFiles/cmTC_49ac4.dir/CMakeCXXCompilerABI.cpp.obj' '-c' '-mcpu=arm7tdmi' '-mfloat-abi=soft' '-marm' '-mlibarch=armv4t' '-march=armv4t']
  ignore line: [Linking CXX static library libcmTC_49ac4.a]
  ignore line: [/Applications/CLion.app/Contents/bin/cmake/mac/bin/cmake -P CMakeFiles/cmTC_49ac4.dir/cmake_clean_target.cmake]
  ignore line: [/Applications/CLion.app/Contents/bin/cmake/mac/bin/cmake -E cmake_link_script CMakeFiles/cmTC_49ac4.dir/link.txt --verbose=1]
  ignore line: [arm-none-eabi-ar qc libcmTC_49ac4.a CMakeFiles/cmTC_49ac4.dir/CMakeCXXCompilerABI.cpp.obj]
  ignore line: [/Applications/Arm/bin/arm-none-eabi-ranlib libcmTC_49ac4.a]
  ignore line: []
  ignore line: []
  implicit libs: []
  implicit dirs: []
  implicit fwks: []


